2024-01-25 14:18:56.525393 (19260) main____ INFO    ----------------------------------------
2024-01-25 14:18:56.525470 (19260) main____ INFO    JasperGold version info
2024-01-25 14:18:56.525482 (19260) main____ INFO      tool      : JasperGold 2020.12
2024-01-25 14:18:56.525490 (19260) main____ INFO      version   : 2020.12 FCS 64 bits
2024-01-25 14:18:56.525496 (19260) main____ INFO      build date: 2020.12.16 02:48:04 UTC
2024-01-25 14:18:56.525501 (19260) main____ INFO    ----------------------------------------
2024-01-25 14:18:56.525506 (19260) main____ INFO    Runtime info:
2024-01-25 14:18:56.525524 (19260) main____ INFO      platform  : Linux 3.10.0-1160.25.1.el7.x86_64 x86_64
2024-01-25 14:18:56.525531 (19260) main____ INFO      hostname  : merl-HP-Z840
2024-01-25 14:18:56.525536 (19260) main____ INFO      pid       : 19260
2024-01-25 14:18:56.525541 (19260) main____ INFO      arguments : '-style' 'windows' 'jaspergold.tcl'
2024-01-25 14:18:56.525549 (19260) main____ INFO      locale    : UTF-8
2024-01-25 14:18:56.525554 (19260) main____ INFO    ----------------------------------------
2024-01-25 14:18:56.525558 (19260) main____ INFO    System resource limits info:
2024-01-25 14:18:56.525563 (19260) main____ INFO      virtual memory: unlimited
2024-01-25 14:18:56.525568 (19260) main____ INFO      cpu time      : unlimited
2024-01-25 14:18:56.525580 (19260) main____ INFO      stack size    : 8388608 B
2024-01-25 14:18:56.525586 (19260) main____ INFO      core file size: 0 B
2024-01-25 14:18:56.525601 (19260) main____ INFO      open files    : 1024
2024-01-25 14:18:56.525623 (19260) main____ INFO      file size     : unlimited
2024-01-25 14:18:56.525628 (19260) main____ INFO    ----------------------------------------
2024-01-25 14:18:56.525633 (19260) main____ INFO    Memory statistics:
2024-01-25 14:18:56.525639 (19260) main____ INFO      total physical memory  : 263878812 kB
2024-01-25 14:18:56.525643 (19260) main____ INFO      free physical memory   : 191166772 kB
2024-01-25 14:18:56.525648 (19260) main____ INFO      committed address space: 25811364 kB
2024-01-25 14:18:56.525653 (19260) main____ INFO    ----------------------------------------
2024-01-25 14:18:56.525696 (19260) main____ INFO    Important environment variables:
2024-01-25 14:18:56.525709 (19260) main____ INFO      CDS_LIC_FILE   : '5280@192.168.200.51'
2024-01-25 14:18:56.525716 (19260) main____ INFO      DISPLAY        : ':1'
2024-01-25 14:18:56.525722 (19260) main____ INFO      LANG           : 'en_US.UTF-8'
2024-01-25 14:18:56.525728 (19260) main____ INFO      LM_LICENSE_FILE: '5280@192.168.200.51'
2024-01-25 14:18:56.525733 (19260) main____ INFO    ----------------------------------------
2024-01-25 14:18:56.526620 (19260) lic_core INFO    Initializing license system ...
2024-01-25 14:18:56.527157 (19260) lic_core INFO    ... license system initialized.
2024-01-25 14:18:56.528222 (19260) lic__man INFO    Claim 'main' for <ui>.
2024-01-25 14:18:56.528266 (19260) lic_core INFO    (1) checking out 'jasper_interactive' ...
2024-01-25 14:18:56.531302 (19260) lic_core INFO    ... (1) checkout failed (error: -5) ("FLEXnet ERROR(-5, 0, 0): No such feature exists.")
2024-01-25 14:18:56.531341 (19260) lic_core INFO    (2) checking out 'jasper_pint' ...
2024-01-25 14:18:56.542543 (19260) lic_core INFO    ... (2) checkout succeeded
2024-01-25 14:18:56.542655 (19260) lic__man INFO    Claim 'fpv' for <ui>.
2024-01-25 14:18:56.542682 (19260) lic_core INFO    (3) checking out 'jasper_fpv' ...
2024-01-25 14:18:56.544084 (19260) lic_core INFO    ... (3) checkout failed (error: -5) ("FLEXnet ERROR(-5, 0, 0): No such feature exists.")
2024-01-25 14:18:56.544121 (19260) lic_core INFO    (4) checking out 'jasper_fao' ...
2024-01-25 14:18:56.545442 (19260) lic_core INFO    ... (4) checkout failed (error: -5) ("FLEXnet ERROR(-5, 0, 0): No such feature exists.")
2024-01-25 14:18:56.545472 (19260) lic_core INFO    (5) checking out 'jasper_papp' ...
2024-01-25 14:18:56.553505 (19260) lic_core INFO    ... (5) checkout succeeded
2024-01-25 14:18:56.554119 (19260) main____ INFO    Tool inactivity delay is 480000 ms.
2024-01-25 14:18:57.309285 (19260) lic__man INFO    Claim 'fpv' for <ui>.
2024-01-25 14:18:57.494978 (19260) lic__man INFO    Unclaim 'fpv' for <ui>.
2024-01-25 14:18:57.495042 (19260) lic__man INFO    Claim 'fpv' for <ui>.
2024-01-25 14:18:57.500083 (19260) session_ INFO    Starting analysis session with session id 'session_0' (launcher: <local>) ...
2024-01-25 14:18:57.502608 (19260) session_ INFO    Analysis session with session id 'session_0' started (pid: 19276)
2024-01-25 14:18:58.402778 (19260) session_ INFO    Analysis session 'session_0' connected to the console (host: 127.0.0.1:46282)
2024-01-25 14:18:58.938291 (19260) lic__man INFO    Unclaim everything for 'session_0'.
2024-01-25 14:20:30.018844 (19260) lic__man INFO    Unclaim everything for 'session_0'.
2024-01-25 14:23:42.198208 (19260) lic__man INFO    Unclaim everything for 'session_0'.
2024-01-25 14:24:11.302839 (19260) lic__man INFO    Unclaim everything for 'session_0'.
2024-01-25 14:24:26.195599 (19260) lic__man INFO    Unclaim everything for 'session_0'.
2024-01-25 14:24:43.491812 (19260) lic__man INFO    Unclaim everything for 'session_0'.
2024-01-25 14:24:43.783908 (19260) lic__man INFO    Unclaim everything for 'session_0'.
2024-01-25 14:24:56.848088 (19260) main____ INFO    About to exit: requested from GUI
2024-01-25 14:24:57.407978 (19260) session_ INFO    Analysis session 'session_0' disconnected.
2024-01-25 14:24:57.415806 (19260) lic_core INFO    (2) checkin jasper_pint
2024-01-25 14:24:57.417897 (19260) lic_core INFO    (5) checkin jasper_papp
2024-01-25 14:24:57.418909 (19260) main____ INFO    Exiting with status 0.
