# ----------------------------------------
# JasperGold Version Info
# tool      : JasperGold 2020.12
# platform  : Linux 3.10.0-1160.25.1.el7.x86_64
# version   : 2020.12 FCS 64 bits
# build date: 2020.12.16 02:48:04 UTC
# ----------------------------------------
# started   : 2024-01-25 14:18:58 PKT
# hostname  : merl-HP-Z840.(none)
# pid       : 19276
# arguments : '-label' 'session_0' '-console' '//127.0.0.1:33018' '-style' 'windows' '-data' 'AAAArHicY2RgYLCp////PwMYMFcBCQEGHwZfhiAGVyDpzxAGpBkY/BhMGYwYLBgMGBwYDBksgWw9IG0GFNEDsg2AUA+owpDBikh1YMD4AEIz2DCCeEAsw5DFkMhQzFDAkMpQxJDOkM+Qw5AC1FLCkMyQAwCVmRWl' '-proj' '/home/zrafique/Desktop/Nameers_work/UVM-OOP_work/RV32I-Microprocessor/Simulation/jgproject/sessionLogs/session_0' '-init' '-hidden' '/home/zrafique/Desktop/Nameers_work/UVM-OOP_work/RV32I-Microprocessor/Simulation/jgproject/.tmp/.initCmds.tcl' 'jaspergold.tcl'

Any disclosure about the Cadence Design Systems software or its use
model to any third party violates the written Non-Disclosure Agreement
between Cadence Design Systems, Inc. and the customer.

THIS SOFTWARE CONTAINS CONFIDENTIAL INFORMATION AND TRADE SECRETS OF
CADENCE DESIGN SYSTEMS, INC. USE, DISCLOSURE, OR REPRODUCTION IS
PROHIBITED WITHOUT THE PRIOR EXPRESS WRITTEN PERMISSION OF CADENCE
DESIGN SYSTEMS, INC.

Copyright (C) 2000-2020 Cadence Design Systems, Inc. All Rights
Reserved.  Unpublished -- rights reserved under the copyright laws of
the United States.

This product includes software developed by others and redistributed
according to license agreement. See doc/third_party_readme.txt for
further details.

RESTRICTED RIGHTS LEGEND

Use, duplication, or disclosure by the Government is subject to
restrictions as set forth in subparagraph (c) (1) (ii) of the Rights in
Technical Data and Computer Software clause at DFARS 252.227-7013 or
subparagraphs (c) (1) and (2) of Commercial Computer Software -- Restricted
Rights at 48 CFR 52.227-19, as applicable.


                          Cadence Design Systems, Inc. 
                          2655 Seely Avenue
                          San Jose, CA 95134
                          Phone: 408.943.1234

For technical assistance visit http://support.cadence.com.

JasperGold Apps Analysis Session - /home/zrafique/Desktop/Nameers_work/UVM-OOP_work/RV32I-Microprocessor/Simulation/jgproject/sessionLogs/session_0

INFO: successfully checked out licenses "jasper_pint" and "jasper_papp".
INFO: reading configuration file "/home/zrafique/.config/jasper/jaspergold.conf".
% clear -all
INFO (IPF121): Cleared environment completely for new design analysis.
% analyze -sv -f file_list/rtl.f
INFO (INL011): Processing "-f" file "/home/zrafique/Desktop/Nameers_work/UVM-OOP_work/RV32I-Microprocessor/Simulation/file_list/rtl.f".
WARNING (WNL074): Ignoring file "../src/alu.sv" in "-f" file "file_list/rtl.f" as it was not found.
INFO (INL010): Use "set_message -error WNL066" and "set_message -error WNL074" commands to force the tool to show the ignored errors.
WARNING (WNL074): Ignoring file "../src/branchalu.sv" in "-f" file "file_list/rtl.f" as it was not found.
INFO (INL010): Use "set_message -error WNL066" and "set_message -error WNL074" commands to force the tool to show the ignored errors.
WARNING (WNL074): Ignoring file "../src/channel_a.sv" in "-f" file "file_list/rtl.f" as it was not found.
INFO (INL010): Use "set_message -error WNL066" and "set_message -error WNL074" commands to force the tool to show the ignored errors.
WARNING (WNL074): Ignoring file "../src/channel_d.sv" in "-f" file "file_list/rtl.f" as it was not found.
INFO (INL010): Use "set_message -error WNL066" and "set_message -error WNL074" commands to force the tool to show the ignored errors.
WARNING (WNL074): Ignoring file "../src/cu.sv" in "-f" file "file_list/rtl.f" as it was not found.
INFO (INL010): Use "set_message -error WNL066" and "set_message -error WNL074" commands to force the tool to show the ignored errors.
WARNING (WNL074): Ignoring file "../src/i_mem.sv" in "-f" file "file_list/rtl.f" as it was not found.
INFO (INL010): Use "set_message -error WNL066" and "set_message -error WNL074" commands to force the tool to show the ignored errors.
WARNING (WNL074): Ignoring file "../src/d_mem.sv" in "-f" file "file_list/rtl.f" as it was not found.
INFO (INL010): Use "set_message -error WNL066" and "set_message -error WNL074" commands to force the tool to show the ignored errors.
WARNING (WNL074): Ignoring file "../src/data_mem_adapter.sv" in "-f" file "file_list/rtl.f" as it was not found.
INFO (INL010): Use "set_message -error WNL066" and "set_message -error WNL074" commands to force the tool to show the ignored errors.
WARNING (WNL074): Ignoring file "../src/immgen.sv" in "-f" file "file_list/rtl.f" as it was not found.
INFO (INL010): Use "set_message -error WNL066" and "set_message -error WNL074" commands to force the tool to show the ignored errors.
WARNING (WNL074): Ignoring file "../src/inst_mem_adapter.sv" in "-f" file "file_list/rtl.f" as it was not found.
INFO (INL010): Use "set_message -error WNL066" and "set_message -error WNL074" commands to force the tool to show the ignored errors.
WARNING (WNL074): Ignoring file "../src/reg_file.sv" in "-f" file "file_list/rtl.f" as it was not found.
INFO (INL010): Use "set_message -error WNL066" and "set_message -error WNL074" commands to force the tool to show the ignored errors.
WARNING (WNL074): Ignoring file "../src/top.sv" in "-f" file "file_list/rtl.f" as it was not found.
INFO (INL010): Use "set_message -error WNL066" and "set_message -error WNL074" commands to force the tool to show the ignored errors.
WARNING (WNL074): Ignoring file "../src/top_main.sv" in "-f" file "file_list/rtl.f" as it was not found.
INFO (INL010): Use "set_message -error WNL066" and "set_message -error WNL074" commands to force the tool to show the ignored errors.
ERROR (ESW029): The file name argument is missing.

ERROR: problem encountered at line 2 in file jaspergold.tcl

% pwd
/home/zrafique/Desktop/Nameers_work/UVM-OOP_work/RV32I-Microprocessor/Simulation
% ls
command
file_list
jaspergold.tcl
jgproject
rtl
top.core
UVM
% source jaspergold.tcl
INFO (IPF121): Cleared environment completely for new design analysis.
INFO (INL011): Processing "-f" file "/home/zrafique/Desktop/Nameers_work/UVM-OOP_work/RV32I-Microprocessor/Simulation/file_list/rtl.f".
WARNING (WNL074): Ignoring file "../rtl/src/alu.sv" in "-f" file "file_list/rtl.f" as it was not found.
INFO (INL010): Use "set_message -error WNL066" and "set_message -error WNL074" commands to force the tool to show the ignored errors.
WARNING (WNL074): Ignoring file "../rtl/src/branchalu.sv" in "-f" file "file_list/rtl.f" as it was not found.
INFO (INL010): Use "set_message -error WNL066" and "set_message -error WNL074" commands to force the tool to show the ignored errors.
WARNING (WNL074): Ignoring file "../rtl/src/channel_a.sv" in "-f" file "file_list/rtl.f" as it was not found.
INFO (INL010): Use "set_message -error WNL066" and "set_message -error WNL074" commands to force the tool to show the ignored errors.
WARNING (WNL074): Ignoring file "../rtl/src/channel_d.sv" in "-f" file "file_list/rtl.f" as it was not found.
INFO (INL010): Use "set_message -error WNL066" and "set_message -error WNL074" commands to force the tool to show the ignored errors.
WARNING (WNL074): Ignoring file "../rtl/src/cu.sv" in "-f" file "file_list/rtl.f" as it was not found.
INFO (INL010): Use "set_message -error WNL066" and "set_message -error WNL074" commands to force the tool to show the ignored errors.
WARNING (WNL074): Ignoring file "../rtl/src/i_mem.sv" in "-f" file "file_list/rtl.f" as it was not found.
INFO (INL010): Use "set_message -error WNL066" and "set_message -error WNL074" commands to force the tool to show the ignored errors.
WARNING (WNL074): Ignoring file "../rtl/src/d_mem.sv" in "-f" file "file_list/rtl.f" as it was not found.
INFO (INL010): Use "set_message -error WNL066" and "set_message -error WNL074" commands to force the tool to show the ignored errors.
WARNING (WNL074): Ignoring file "../rtl/src/data_mem_adapter.sv" in "-f" file "file_list/rtl.f" as it was not found.
INFO (INL010): Use "set_message -error WNL066" and "set_message -error WNL074" commands to force the tool to show the ignored errors.
WARNING (WNL074): Ignoring file "../rtl/src/immgen.sv" in "-f" file "file_list/rtl.f" as it was not found.
INFO (INL010): Use "set_message -error WNL066" and "set_message -error WNL074" commands to force the tool to show the ignored errors.
WARNING (WNL074): Ignoring file "../rtl/src/inst_mem_adapter.sv" in "-f" file "file_list/rtl.f" as it was not found.
INFO (INL010): Use "set_message -error WNL066" and "set_message -error WNL074" commands to force the tool to show the ignored errors.
WARNING (WNL074): Ignoring file "../rtl/src/reg_file.sv" in "-f" file "file_list/rtl.f" as it was not found.
INFO (INL010): Use "set_message -error WNL066" and "set_message -error WNL074" commands to force the tool to show the ignored errors.
WARNING (WNL074): Ignoring file "../rtl/src/top.sv" in "-f" file "file_list/rtl.f" as it was not found.
INFO (INL010): Use "set_message -error WNL066" and "set_message -error WNL074" commands to force the tool to show the ignored errors.
WARNING (WNL074): Ignoring file "../rtl/src/top_main.sv" in "-f" file "file_list/rtl.f" as it was not found.
INFO (INL010): Use "set_message -error WNL066" and "set_message -error WNL074" commands to force the tool to show the ignored errors.
ERROR (ESW029): The file name argument is missing.


% pwd
/home/zrafique/Desktop/Nameers_work/UVM-OOP_work/RV32I-Microprocessor/Simulation
% ls
command
file_list
jaspergold.tcl
jgproject
rtl
top.core
UVM
% cd file_list
% ls
core.f
rtl.f
% cd ../
% ls
command
file_list
jaspergold.tcl
jgproject
rtl
top.core
UVM
% source jaspergold.tcl
INFO (IPF121): Cleared environment completely for new design analysis.
INFO (INL011): Processing "-f" file "/home/zrafique/Desktop/Nameers_work/UVM-OOP_work/RV32I-Microprocessor/Simulation/file_list/rtl.f".
WARNING (WNL074): Ignoring file "../rtl/src/alu.sv" in "-f" file "./file_list/rtl.f" as it was not found.
INFO (INL010): Use "set_message -error WNL066" and "set_message -error WNL074" commands to force the tool to show the ignored errors.
WARNING (WNL074): Ignoring file "../rtl/src/branchalu.sv" in "-f" file "./file_list/rtl.f" as it was not found.
INFO (INL010): Use "set_message -error WNL066" and "set_message -error WNL074" commands to force the tool to show the ignored errors.
WARNING (WNL074): Ignoring file "../rtl/src/channel_a.sv" in "-f" file "./file_list/rtl.f" as it was not found.
INFO (INL010): Use "set_message -error WNL066" and "set_message -error WNL074" commands to force the tool to show the ignored errors.
WARNING (WNL074): Ignoring file "../rtl/src/channel_d.sv" in "-f" file "./file_list/rtl.f" as it was not found.
INFO (INL010): Use "set_message -error WNL066" and "set_message -error WNL074" commands to force the tool to show the ignored errors.
WARNING (WNL074): Ignoring file "../rtl/src/cu.sv" in "-f" file "./file_list/rtl.f" as it was not found.
INFO (INL010): Use "set_message -error WNL066" and "set_message -error WNL074" commands to force the tool to show the ignored errors.
WARNING (WNL074): Ignoring file "../rtl/src/i_mem.sv" in "-f" file "./file_list/rtl.f" as it was not found.
INFO (INL010): Use "set_message -error WNL066" and "set_message -error WNL074" commands to force the tool to show the ignored errors.
WARNING (WNL074): Ignoring file "../rtl/src/d_mem.sv" in "-f" file "./file_list/rtl.f" as it was not found.
INFO (INL010): Use "set_message -error WNL066" and "set_message -error WNL074" commands to force the tool to show the ignored errors.
WARNING (WNL074): Ignoring file "../rtl/src/data_mem_adapter.sv" in "-f" file "./file_list/rtl.f" as it was not found.
INFO (INL010): Use "set_message -error WNL066" and "set_message -error WNL074" commands to force the tool to show the ignored errors.
WARNING (WNL074): Ignoring file "../rtl/src/immgen.sv" in "-f" file "./file_list/rtl.f" as it was not found.
INFO (INL010): Use "set_message -error WNL066" and "set_message -error WNL074" commands to force the tool to show the ignored errors.
WARNING (WNL074): Ignoring file "../rtl/src/inst_mem_adapter.sv" in "-f" file "./file_list/rtl.f" as it was not found.
INFO (INL010): Use "set_message -error WNL066" and "set_message -error WNL074" commands to force the tool to show the ignored errors.
WARNING (WNL074): Ignoring file "../rtl/src/reg_file.sv" in "-f" file "./file_list/rtl.f" as it was not found.
INFO (INL010): Use "set_message -error WNL066" and "set_message -error WNL074" commands to force the tool to show the ignored errors.
WARNING (WNL074): Ignoring file "../rtl/src/top.sv" in "-f" file "./file_list/rtl.f" as it was not found.
INFO (INL010): Use "set_message -error WNL066" and "set_message -error WNL074" commands to force the tool to show the ignored errors.
WARNING (WNL074): Ignoring file "../rtl/src/top_main.sv" in "-f" file "./file_list/rtl.f" as it was not found.
INFO (INL010): Use "set_message -error WNL066" and "set_message -error WNL074" commands to force the tool to show the ignored errors.
ERROR (ESW029): The file name argument is missing.


% source jaspergold.tcl
INFO (IPF121): Cleared environment completely for new design analysis.
ERROR (ESW046): The file "/file_list/rtl.f" does not exist.


% source jaspergold.tcl
INFO (IPF121): Cleared environment completely for new design analysis.
INFO (INL011): Processing "-f" file "/home/zrafique/Desktop/Nameers_work/UVM-OOP_work/RV32I-Microprocessor/Simulation/file_list/rtl.f".
WARNING (WNL074): Ignoring file "../rtl/src/alu.sv" in "-f" file "./file_list/rtl.f" as it was not found.
INFO (INL010): Use "set_message -error WNL066" and "set_message -error WNL074" commands to force the tool to show the ignored errors.
WARNING (WNL074): Ignoring file "../rtl/src/branchalu.sv" in "-f" file "./file_list/rtl.f" as it was not found.
INFO (INL010): Use "set_message -error WNL066" and "set_message -error WNL074" commands to force the tool to show the ignored errors.
WARNING (WNL074): Ignoring file "../rtl/src/channel_a.sv" in "-f" file "./file_list/rtl.f" as it was not found.
INFO (INL010): Use "set_message -error WNL066" and "set_message -error WNL074" commands to force the tool to show the ignored errors.
WARNING (WNL074): Ignoring file "../rtl/src/channel_d.sv" in "-f" file "./file_list/rtl.f" as it was not found.
INFO (INL010): Use "set_message -error WNL066" and "set_message -error WNL074" commands to force the tool to show the ignored errors.
WARNING (WNL074): Ignoring file "../rtl/src/cu.sv" in "-f" file "./file_list/rtl.f" as it was not found.
INFO (INL010): Use "set_message -error WNL066" and "set_message -error WNL074" commands to force the tool to show the ignored errors.
WARNING (WNL074): Ignoring file "../rtl/src/i_mem.sv" in "-f" file "./file_list/rtl.f" as it was not found.
INFO (INL010): Use "set_message -error WNL066" and "set_message -error WNL074" commands to force the tool to show the ignored errors.
WARNING (WNL074): Ignoring file "../rtl/src/d_mem.sv" in "-f" file "./file_list/rtl.f" as it was not found.
INFO (INL010): Use "set_message -error WNL066" and "set_message -error WNL074" commands to force the tool to show the ignored errors.
WARNING (WNL074): Ignoring file "../rtl/src/data_mem_adapter.sv" in "-f" file "./file_list/rtl.f" as it was not found.
INFO (INL010): Use "set_message -error WNL066" and "set_message -error WNL074" commands to force the tool to show the ignored errors.
WARNING (WNL074): Ignoring file "../rtl/src/immgen.sv" in "-f" file "./file_list/rtl.f" as it was not found.
INFO (INL010): Use "set_message -error WNL066" and "set_message -error WNL074" commands to force the tool to show the ignored errors.
WARNING (WNL074): Ignoring file "../rtl/src/inst_mem_adapter.sv" in "-f" file "./file_list/rtl.f" as it was not found.
INFO (INL010): Use "set_message -error WNL066" and "set_message -error WNL074" commands to force the tool to show the ignored errors.
WARNING (WNL074): Ignoring file "../rtl/src/reg_file.sv" in "-f" file "./file_list/rtl.f" as it was not found.
INFO (INL010): Use "set_message -error WNL066" and "set_message -error WNL074" commands to force the tool to show the ignored errors.
WARNING (WNL074): Ignoring file "../rtl/src/top.sv" in "-f" file "./file_list/rtl.f" as it was not found.
INFO (INL010): Use "set_message -error WNL066" and "set_message -error WNL074" commands to force the tool to show the ignored errors.
WARNING (WNL074): Ignoring file "../rtl/src/top_main.sv" in "-f" file "./file_list/rtl.f" as it was not found.
INFO (INL010): Use "set_message -error WNL066" and "set_message -error WNL074" commands to force the tool to show the ignored errors.
ERROR (ESW029): The file name argument is missing.


% source jaspergold.tcl
INFO (IPF121): Cleared environment completely for new design analysis.
INFO (INL011): Processing "-f" file "/home/zrafique/Desktop/Nameers_work/UVM-OOP_work/RV32I-Microprocessor/Simulation/file_list/rtl.f".
[-- (VERI-1482)] Analyzing Verilog file '/opt/cadence/installs/jasper_2020.12/lib/verilog/packages/std/std.sv' into library 'std'
[-- (VERI-1482)] Analyzing Verilog file './rtl/src/alu.sv'
[-- (VERI-1482)] Analyzing Verilog file './rtl/src/branchalu.sv'
[-- (VERI-1482)] Analyzing Verilog file './rtl/src/channel_a.sv'
[-- (VERI-1482)] Analyzing Verilog file './rtl/src/channel_d.sv'
[-- (VERI-1482)] Analyzing Verilog file './rtl/src/cu.sv'
[-- (VERI-1482)] Analyzing Verilog file './rtl/src/i_mem.sv'
[-- (VERI-1482)] Analyzing Verilog file './rtl/src/d_mem.sv'
[-- (VERI-1482)] Analyzing Verilog file './rtl/src/data_mem_adapter.sv'
[-- (VERI-1482)] Analyzing Verilog file './rtl/src/immgen.sv'
[-- (VERI-1482)] Analyzing Verilog file './rtl/src/inst_mem_adapter.sv'
[-- (VERI-1482)] Analyzing Verilog file './rtl/src/reg_file.sv'
[-- (VERI-1482)] Analyzing Verilog file './rtl/src/top.sv'
[-- (VERI-1482)] Analyzing Verilog file './rtl/src/top_main.sv'
[INFO (HIER-8002)] ./rtl/src/top_main.sv(256): Disabling old hierarchical reference handler
[INFO (VERI-1018)] ./rtl/src/cu.sv(1): compiling module 'cu'
[INFO (VERI-1018)] ./rtl/src/immgen.sv(1): compiling module 'immgen'
[INFO (VERI-1018)] ./rtl/src/alu.sv(1): compiling module 'alu'
[INFO (VERI-1018)] ./rtl/src/reg_file.sv(1): compiling module 'reg_file'
[INFO (VERI-1018)] ./rtl/src/branchalu.sv(1): compiling module 'branchalu'
[INFO (VERI-1018)] ./rtl/src/top.sv(1): compiling module 'top'
[WARN (VERI-1220)] ./rtl/src/top.sv(52): using initial value of 'jalr_add' since it is never assigned
[WARN (VERI-1209)] ./rtl/src/top.sv(83): expression size 32 truncated to fit in target size 1
[WARN (VERI-1209)] ./rtl/src/top.sv(93): expression size 32 truncated to fit in target size 1
[WARN (VERI-1209)] ./rtl/src/top.sv(94): expression size 32 truncated to fit in target size 1
[INFO (VERI-1018)] ./rtl/src/i_mem.sv(3): compiling module 'i_mem'
[WARN (VERI-9033)] ./rtl/src/i_mem.sv(15): array sram (size 131072) automatically BLACK-BOXED. Use the "elaborate -bbox_a" command to prevent automatic black-boxing.
[WARN (VERI-1060)] ./rtl/src/i_mem.sv(21): 'initial' construct ignored
[INFO (VERI-1018)] ./rtl/src/inst_mem_adapter.sv(1): compiling module 'inst_mem_adapter'
[WARN (VERI-1220)] ./rtl/src/inst_mem_adapter.sv(18): using initial value of 'en1' since it is never assigned
[WARN (VERI-1220)] ./rtl/src/inst_mem_adapter.sv(19): using initial value of 'add' since it is never assigned
[WARN (VERI-1209)] ./rtl/src/inst_mem_adapter.sv(20): expression size 32 truncated to fit in target size 1
[INFO (VERI-1018)] ./rtl/src/d_mem.sv(1): compiling module 'd_mem'
[WARN (VERI-9033)] ./rtl/src/d_mem.sv(9): array mem (size 131072) automatically BLACK-BOXED. Use the "elaborate -bbox_a" command to prevent automatic black-boxing.
[INFO (VERI-1018)] ./rtl/src/data_mem_adapter.sv(1): compiling module 'data_mem_adapter'
[WARN (VERI-1209)] ./rtl/src/data_mem_adapter.sv(21): expression size 32 truncated to fit in target size 1
[WARN (VERI-1209)] ./rtl/src/data_mem_adapter.sv(22): expression size 32 truncated to fit in target size 1
[WARN (VERI-1209)] ./rtl/src/data_mem_adapter.sv(24): expression size 32 truncated to fit in target size 1
[INFO (VERI-1018)] ./rtl/src/channel_d.sv(1): compiling module 'channel_d'
[WARN (VERI-1209)] ./rtl/src/channel_d.sv(13): expression size 32 truncated to fit in target size 1
[INFO (VERI-1018)] ./rtl/src/channel_a.sv(1): compiling module 'channel_a'
[WARN (VERI-1209)] ./rtl/src/channel_a.sv(16): expression size 32 truncated to fit in target size 1
[INFO (VERI-1018)] ./rtl/src/top_main.sv(12): compiling module 'top_main'
INFO (ISW003): Top module name is "top_main".
INFO (INL003): Clearing all state information (assumes, stopats, and so forth).
INFO (IMDS005): Number of multiple-driven bits in design: 344. Use "get_design_info -list multiple_driven" for more information.
INFO (IPM031): Clearing proof results of all properties.
INFO (IRS006): Current reset condition is "reset".
INFO (IPL005): Received request to exit from the console.
INFO (IPL014): Waiting for the Tcl-thread to exit.
INFO (IPL018): The peak resident set memory use for this session was 0.373 GB.
INFO (IPL015): The Tcl-thread exited with status 0.
INFO (IPL016): Exiting the analysis session with status 0.
